[debatecompetitivo.herokuapp.com/regional_lisboa_2023/index.html]
[backblue.gif]
[fade.gif]
[index.html]
[debatecompetitivo.herokuapp.com/regional_lisboa_2023/POST]
[debatecompetitivo.herokuapp.com/regional_lisboa_2023/index.html]
[debatecompetitivo.herokuapp.com/regional_lisboa_2023/tab/team/index.html]
[debatecompetitivo.herokuapp.com/regional_lisboa_2023/tab/speaker/index.html]
[debatecompetitivo.herokuapp.com/regional_lisboa_2023/POST.html]
[debatecompetitivo.herokuapp.com/regional_lisboa_2023/checkins/status/people/index.html]
[debatecompetitivo.herokuapp.com/regional_lisboa_2023/motions/statistics/index.html]
[debatecompetitivo.herokuapp.com/regional_lisboa_2023/results/round/2/index.html]
[debatecompetitivo.herokuapp.com/regional_lisboa_2023/tab/team/index.html]
[debatecompetitivo.herokuapp.com/regional_lisboa_2023/results/round/1/index.html]
[debatecompetitivo.herokuapp.com/regional_lisboa_2023/results/round/3/index.html]
[debatecompetitivo.herokuapp.com/regional_lisboa_2023/results/round/4/index.html]
[debatecompetitivo.herokuapp.com/regional_lisboa_2023/results/round/5/index.html]
[debatecompetitivo.herokuapp.com/regional_lisboa_2023/tab/speaker/index.html]
[debatecompetitivo.herokuapp.com/regional_lisboa_2023/results/round/7/index.html]
[debatecompetitivo.herokuapp.com/regional_lisboa_2023/results/round/6/index.html]
[debatecompetitivo.herokuapp.com/regional_lisboa_2023/participants/list/index.html]
[debatecompetitivo.herokuapp.com/regional_lisboa_2023/results/index.html]
[debatecompetitivo.herokuapp.com/regional_lisboa_2023/donations/index.html]
[debatecompetitivo.herokuapp.com/regional_lisboa_2023/motions/statistics/POST.3.delayed]
[debatecompetitivo.herokuapp.com/regional_lisboa_2023/motions/statistics/index.html]
[debatecompetitivo.herokuapp.com/regional_lisboa_2023/motions/index.html]
[debatecompetitivo.herokuapp.com/regional_lisboa_2023/tab/team/POST/index.html]
[debatecompetitivo.herokuapp.com/regional_lisboa_2023/tab/speaker/POST/index.html]
[debatecompetitivo.herokuapp.com/regional_lisboa_2023/checkins/status/people/POST.4.delayed]
[debatecompetitivo.herokuapp.com/regional_lisboa_2023/checkins/status/people/index.html]
[debatecompetitivo.herokuapp.com/regional_lisboa_2023/results/round/1/POST]
[debatecompetitivo.herokuapp.com/regional_lisboa_2023/results/round/1/index.html]
[debatecompetitivo.herokuapp.com/regional_lisboa_2023/results/round/2/POST]
[debatecompetitivo.herokuapp.com/regional_lisboa_2023/results/round/2/index.html]
[debatecompetitivo.herokuapp.com/regional_lisboa_2023/results/round/1/index95e1.html]
[debatecompetitivo.herokuapp.com/regional_lisboa_2023/results/round/1/index47c9.html]
[debatecompetitivo.herokuapp.com/regional_lisboa_2023/results/round/2/index95e1.html]
[debatecompetitivo.herokuapp.com/regional_lisboa_2023/results/round/2/index47c9.html]
[debatecompetitivo.herokuapp.com/regional_lisboa_2023/results/round/3/POST.7.delayed]
[debatecompetitivo.herokuapp.com/regional_lisboa_2023/results/round/3/index.html]
[debatecompetitivo.herokuapp.com/regional_lisboa_2023/results/round/4/POST.8.delayed]
[debatecompetitivo.herokuapp.com/regional_lisboa_2023/results/round/4/index.html]
[debatecompetitivo.herokuapp.com/regional_lisboa_2023/results/round/3/index95e1.html]
[debatecompetitivo.herokuapp.com/regional_lisboa_2023/results/round/5/POST]
[debatecompetitivo.herokuapp.com/regional_lisboa_2023/results/round/5/index.html]
[debatecompetitivo.herokuapp.com/regional_lisboa_2023/results/round/3/index47c9.html]
[debatecompetitivo.herokuapp.com/regional_lisboa_2023/results/round/4/index95e1.html]
[debatecompetitivo.herokuapp.com/regional_lisboa_2023/results/round/4/index47c9.html]
[debatecompetitivo.herokuapp.com/regional_lisboa_2023/results/round/6/POST.a.delayed]
[debatecompetitivo.herokuapp.com/regional_lisboa_2023/results/round/6/index.html]
[debatecompetitivo.herokuapp.com/regional_lisboa_2023/results/round/5/index95e1.html]
[debatecompetitivo.herokuapp.com/regional_lisboa_2023/results/round/5/index47c9.html]
[debatecompetitivo.herokuapp.com/regional_lisboa_2023/results/round/6/index95e1.html]
[debatecompetitivo.herokuapp.com/regional_lisboa_2023/results/round/6/index47c9.html]
[debatecompetitivo.herokuapp.com/regional_lisboa_2023/results/round/7/POST.b.delayed]
[debatecompetitivo.herokuapp.com/regional_lisboa_2023/results/round/7/index.html]
[debatecompetitivo.herokuapp.com/regional_lisboa_2023/participants/list/POST]
[debatecompetitivo.herokuapp.com/regional_lisboa_2023/participants/list/index.html]
[debatecompetitivo.herokuapp.com/regional_lisboa_2023/results/POST]
[debatecompetitivo.herokuapp.com/regional_lisboa_2023/results/index.html]
[debatecompetitivo.herokuapp.com/regional_lisboa_2023/results/round/7/index47c9.html]
[debatecompetitivo.herokuapp.com/regional_lisboa_2023/results/round/7/index95e1.html]
[debatecompetitivo.herokuapp.com/regional_lisboa_2023/motions/POST]
[debatecompetitivo.herokuapp.com/regional_lisboa_2023/motions/index.html]
[debatecompetitivo.herokuapp.com/regional_lisboa_2023/donations/POST]
[debatecompetitivo.herokuapp.com/regional_lisboa_2023/donations/index.html]
[debatecompetitivo.herokuapp.com/regional_lisboa_2023/tab/team/POST/index.html]
[debatecompetitivo.herokuapp.com/regional_lisboa_2023/tab/speaker/POST/index.html]
[debatecompetitivo.herokuapp.com/regional_lisboa_2023/motions/statistics/POST.html]
[debatecompetitivo.herokuapp.com/regional_lisboa_2023/checkins/status/people/POST.html]
[debatecompetitivo.herokuapp.com/regional_lisboa_2023/results/round/1/POST.html]
[debatecompetitivo.herokuapp.com/regional_lisboa_2023/results/round/1/index95e1.html]
[debatecompetitivo.herokuapp.com/regional_lisboa_2023/results/round/1/index47c9.html]
[debatecompetitivo.herokuapp.com/regional_lisboa_2023/results/round/2/POST.html]
[debatecompetitivo.herokuapp.com/regional_lisboa_2023/results/round/2/index95e1.html]
[debatecompetitivo.herokuapp.com/regional_lisboa_2023/results/round/2/index47c9.html]
[debatecompetitivo.herokuapp.com/regional_lisboa_2023/results/round/3/POST.html]
[debatecompetitivo.herokuapp.com/regional_lisboa_2023/results/round/3/index95e1.html]
[debatecompetitivo.herokuapp.com/regional_lisboa_2023/results/round/3/index47c9.html]
[debatecompetitivo.herokuapp.com/regional_lisboa_2023/results/round/4/POST.html]
[debatecompetitivo.herokuapp.com/regional_lisboa_2023/results/round/4/index95e1.html]
[debatecompetitivo.herokuapp.com/regional_lisboa_2023/results/round/4/index47c9.html]
[debatecompetitivo.herokuapp.com/regional_lisboa_2023/results/round/5/POST.html]
[debatecompetitivo.herokuapp.com/regional_lisboa_2023/results/round/5/index95e1.html]
[debatecompetitivo.herokuapp.com/regional_lisboa_2023/results/round/5/index47c9.html]
[debatecompetitivo.herokuapp.com/regional_lisboa_2023/results/round/6/POST.html]
[debatecompetitivo.herokuapp.com/regional_lisboa_2023/results/round/6/index95e1.html]
[debatecompetitivo.herokuapp.com/regional_lisboa_2023/results/round/6/index47c9.html]
[debatecompetitivo.herokuapp.com/regional_lisboa_2023/results/round/7/POST.html]
[debatecompetitivo.herokuapp.com/regional_lisboa_2023/results/round/7/index95e1.html]
[debatecompetitivo.herokuapp.com/regional_lisboa_2023/results/round/7/index47c9.html]
[debatecompetitivo.herokuapp.com/regional_lisboa_2023/participants/list/POST.html]
[debatecompetitivo.herokuapp.com/regional_lisboa_2023/results/POST.html]
[debatecompetitivo.herokuapp.com/regional_lisboa_2023/motions/POST.html]
[debatecompetitivo.herokuapp.com/regional_lisboa_2023/donations/POST.html]
