[debatecompetitivo.herokuapp.com/interno_verao_adaum_2022/index.html]
[backblue.gif]
[fade.gif]
[index.html]
[debatecompetitivo.herokuapp.com/interno_verao_adaum_2022/POST]
[debatecompetitivo.herokuapp.com/interno_verao_adaum_2022/index.html]
[debatecompetitivo.herokuapp.com/interno_verao_adaum_2022/tab/speaker/index.html]
[debatecompetitivo.herokuapp.com/interno_verao_adaum_2022/results/round/1/index.html]
[debatecompetitivo.herokuapp.com/interno_verao_adaum_2022/POST.html]
[debatecompetitivo.herokuapp.com/interno_verao_adaum_2022/results/round/2/index.html]
[debatecompetitivo.herokuapp.com/interno_verao_adaum_2022/results/round/3/index.html]
[debatecompetitivo.herokuapp.com/interno_verao_adaum_2022/tab/speaker/index.html]
[debatecompetitivo.herokuapp.com/interno_verao_adaum_2022/results/round/4/index.html]
[debatecompetitivo.herokuapp.com/interno_verao_adaum_2022/results/round/5/index.html]
[debatecompetitivo.herokuapp.com/interno_verao_adaum_2022/motions/index.html]
[debatecompetitivo.herokuapp.com/interno_verao_adaum_2022/tab/current-standings/index.html]
[debatecompetitivo.herokuapp.com/interno_verao_adaum_2022/donations/index.html]
[debatecompetitivo.herokuapp.com/interno_verao_adaum_2022/results/index.html]
[debatecompetitivo.herokuapp.com/interno_verao_adaum_2022/results/round/1/POST.2.delayed]
[debatecompetitivo.herokuapp.com/interno_verao_adaum_2022/results/round/1/index.html]
[debatecompetitivo.herokuapp.com/interno_verao_adaum_2022/tab/speaker/POST/index.html]
[debatecompetitivo.herokuapp.com/interno_verao_adaum_2022/results/round/2/POST.3.delayed]
[debatecompetitivo.herokuapp.com/interno_verao_adaum_2022/results/round/2/index.html]
[debatecompetitivo.herokuapp.com/interno_verao_adaum_2022/results/round/1/index95e1.html]
[debatecompetitivo.herokuapp.com/interno_verao_adaum_2022/results/round/1/index47c9.html]
[debatecompetitivo.herokuapp.com/interno_verao_adaum_2022/results/round/2/index95e1.html]
[debatecompetitivo.herokuapp.com/interno_verao_adaum_2022/results/round/2/index47c9.html]
[debatecompetitivo.herokuapp.com/interno_verao_adaum_2022/results/round/3/POST.4.delayed]
[debatecompetitivo.herokuapp.com/interno_verao_adaum_2022/results/round/3/index.html]
[debatecompetitivo.herokuapp.com/interno_verao_adaum_2022/results/round/3/index95e1.html]
[debatecompetitivo.herokuapp.com/interno_verao_adaum_2022/results/round/4/POST.5.delayed]
[debatecompetitivo.herokuapp.com/interno_verao_adaum_2022/results/round/4/index.html]
[debatecompetitivo.herokuapp.com/interno_verao_adaum_2022/results/round/3/index47c9.html]
[debatecompetitivo.herokuapp.com/interno_verao_adaum_2022/results/round/4/index95e1.html]
[debatecompetitivo.herokuapp.com/interno_verao_adaum_2022/results/round/5/POST.6.delayed]
[debatecompetitivo.herokuapp.com/interno_verao_adaum_2022/results/round/5/index.html]
[debatecompetitivo.herokuapp.com/interno_verao_adaum_2022/results/round/4/index47c9.html]
[debatecompetitivo.herokuapp.com/interno_verao_adaum_2022/motions/POST]
[debatecompetitivo.herokuapp.com/interno_verao_adaum_2022/motions/index.html]
[debatecompetitivo.herokuapp.com/interno_verao_adaum_2022/tab/current-standings/POST]
[debatecompetitivo.herokuapp.com/interno_verao_adaum_2022/tab/current-standings/index.html]
[debatecompetitivo.herokuapp.com/interno_verao_adaum_2022/results/round/5/index95e1.html]
[debatecompetitivo.herokuapp.com/interno_verao_adaum_2022/results/round/5/index47c9.html]
[debatecompetitivo.herokuapp.com/interno_verao_adaum_2022/results/POST]
[debatecompetitivo.herokuapp.com/interno_verao_adaum_2022/results/index.html]
[debatecompetitivo.herokuapp.com/interno_verao_adaum_2022/donations/POST]
[debatecompetitivo.herokuapp.com/interno_verao_adaum_2022/donations/index.html]
[debatecompetitivo.herokuapp.com/interno_verao_adaum_2022/tab/speaker/POST/index.html]
[debatecompetitivo.herokuapp.com/interno_verao_adaum_2022/results/round/1/POST.html]
[debatecompetitivo.herokuapp.com/interno_verao_adaum_2022/results/round/1/index95e1.html]
[debatecompetitivo.herokuapp.com/interno_verao_adaum_2022/results/round/1/index47c9.html]
[debatecompetitivo.herokuapp.com/interno_verao_adaum_2022/results/round/2/POST.html]
[debatecompetitivo.herokuapp.com/interno_verao_adaum_2022/results/round/2/index95e1.html]
[debatecompetitivo.herokuapp.com/interno_verao_adaum_2022/results/round/2/index47c9.html]
[debatecompetitivo.herokuapp.com/interno_verao_adaum_2022/results/round/3/POST.html]
[debatecompetitivo.herokuapp.com/interno_verao_adaum_2022/results/round/3/index95e1.html]
[debatecompetitivo.herokuapp.com/interno_verao_adaum_2022/results/round/3/index47c9.html]
[debatecompetitivo.herokuapp.com/interno_verao_adaum_2022/results/round/4/POST.html]
[debatecompetitivo.herokuapp.com/interno_verao_adaum_2022/results/round/4/index95e1.html]
[debatecompetitivo.herokuapp.com/interno_verao_adaum_2022/results/round/4/index47c9.html]
[debatecompetitivo.herokuapp.com/interno_verao_adaum_2022/results/round/5/POST.html]
[debatecompetitivo.herokuapp.com/interno_verao_adaum_2022/results/round/5/index95e1.html]
[debatecompetitivo.herokuapp.com/interno_verao_adaum_2022/results/round/5/index47c9.html]
[debatecompetitivo.herokuapp.com/interno_verao_adaum_2022/motions/POST.html]
[debatecompetitivo.herokuapp.com/interno_verao_adaum_2022/tab/current-standings/POST.html]
[debatecompetitivo.herokuapp.com/interno_verao_adaum_2022/results/POST.html]
[debatecompetitivo.herokuapp.com/interno_verao_adaum_2022/donations/POST.html]
