[debatecompetitivo.herokuapp.com/7_open_coimbra_2022/index.html]
[backblue.gif]
[fade.gif]
[index.html]
[debatecompetitivo.herokuapp.com/7_open_coimbra_2022/POST]
[debatecompetitivo.herokuapp.com/7_open_coimbra_2022/index.html]
[debatecompetitivo.herokuapp.com/7_open_coimbra_2022/tab/team/index.html]
[debatecompetitivo.herokuapp.com/7_open_coimbra_2022/POST.html]
[debatecompetitivo.herokuapp.com/7_open_coimbra_2022/tab/team/Iniciado/index.html]
[debatecompetitivo.herokuapp.com/7_open_coimbra_2022/tab/speaker/index.html]
[debatecompetitivo.herokuapp.com/7_open_coimbra_2022/tab/speaker/Iniciado/index.html]
[debatecompetitivo.herokuapp.com/7_open_coimbra_2022/tab/team/index.html]
[debatecompetitivo.herokuapp.com/7_open_coimbra_2022/motions/statistics/index.html]
[debatecompetitivo.herokuapp.com/7_open_coimbra_2022/checkins/status/people/index.html]
[debatecompetitivo.herokuapp.com/7_open_coimbra_2022/results/round/1/index.html]
[debatecompetitivo.herokuapp.com/7_open_coimbra_2022/results/round/2/index.html]
[debatecompetitivo.herokuapp.com/7_open_coimbra_2022/results/round/3/index.html]
[debatecompetitivo.herokuapp.com/7_open_coimbra_2022/tab/team/Iniciado/POST.2.delayed]
[debatecompetitivo.herokuapp.com/7_open_coimbra_2022/tab/team/Iniciado/index.html]
[debatecompetitivo.herokuapp.com/7_open_coimbra_2022/results/round/4/index.html]
[debatecompetitivo.herokuapp.com/7_open_coimbra_2022/results/round/5/index.html]
[debatecompetitivo.herokuapp.com/7_open_coimbra_2022/results/round/6/index.html]
[debatecompetitivo.herokuapp.com/7_open_coimbra_2022/results/round/7/index.html]
[debatecompetitivo.herokuapp.com/7_open_coimbra_2022/tab/speaker/index.html]
[debatecompetitivo.herokuapp.com/7_open_coimbra_2022/results/round/8/index.html]
[debatecompetitivo.herokuapp.com/7_open_coimbra_2022/participants/list/index.html]
[debatecompetitivo.herokuapp.com/7_open_coimbra_2022/results/index.html]
[debatecompetitivo.herokuapp.com/7_open_coimbra_2022/participants/institutions/index.html]
[debatecompetitivo.herokuapp.com/7_open_coimbra_2022/tab/speaker/Iniciado/POST.4.delayed]
[debatecompetitivo.herokuapp.com/7_open_coimbra_2022/tab/speaker/Iniciado/index.html]
[debatecompetitivo.herokuapp.com/7_open_coimbra_2022/motions/index.html]
[debatecompetitivo.herokuapp.com/7_open_coimbra_2022/draw/round/1/index.html]
[debatecompetitivo.herokuapp.com/7_open_coimbra_2022/motions/statistics/POST]
[debatecompetitivo.herokuapp.com/7_open_coimbra_2022/draw/round/3/index.html]
[debatecompetitivo.herokuapp.com/7_open_coimbra_2022/motions/statistics/index.html]
[debatecompetitivo.herokuapp.com/7_open_coimbra_2022/draw/round/2/index.html]
[debatecompetitivo.herokuapp.com/7_open_coimbra_2022/draw/round/4/index.html]
[debatecompetitivo.herokuapp.com/7_open_coimbra_2022/draw/round/5/index.html]
[debatecompetitivo.herokuapp.com/7_open_coimbra_2022/draw/round/6/index.html]
[debatecompetitivo.herokuapp.com/7_open_coimbra_2022/draw/round/7/index.html]
[debatecompetitivo.herokuapp.com/7_open_coimbra_2022/checkins/status/people/POST.6.delayed]
[debatecompetitivo.herokuapp.com/7_open_coimbra_2022/checkins/status/people/index.html]
[debatecompetitivo.herokuapp.com/7_open_coimbra_2022/draw/round/8/index.html]
[debatecompetitivo.herokuapp.com/7_open_coimbra_2022/donations/index.html]
[debatecompetitivo.herokuapp.com/7_open_coimbra_2022/tab/team/POST/index.html]
[debatecompetitivo.herokuapp.com/7_open_coimbra_2022/tab/speaker/POST/index.html]
[debatecompetitivo.herokuapp.com/7_open_coimbra_2022/results/round/1/POST]
[debatecompetitivo.herokuapp.com/7_open_coimbra_2022/results/round/1/index.html]
[debatecompetitivo.herokuapp.com/7_open_coimbra_2022/results/round/2/POST]
[debatecompetitivo.herokuapp.com/7_open_coimbra_2022/results/round/2/index.html]
[debatecompetitivo.herokuapp.com/7_open_coimbra_2022/results/round/1/index47c9.html]
[debatecompetitivo.herokuapp.com/7_open_coimbra_2022/results/round/1/index95e1.html]
[debatecompetitivo.herokuapp.com/7_open_coimbra_2022/results/round/2/index95e1.html]
[debatecompetitivo.herokuapp.com/7_open_coimbra_2022/results/round/2/index47c9.html]
[debatecompetitivo.herokuapp.com/7_open_coimbra_2022/results/round/3/POST.9.delayed]
[debatecompetitivo.herokuapp.com/7_open_coimbra_2022/results/round/3/index.html]
[debatecompetitivo.herokuapp.com/7_open_coimbra_2022/results/round/4/POST.a.delayed]
[debatecompetitivo.herokuapp.com/7_open_coimbra_2022/results/round/4/index.html]
[debatecompetitivo.herokuapp.com/7_open_coimbra_2022/results/round/3/index95e1.html]
[debatecompetitivo.herokuapp.com/7_open_coimbra_2022/results/round/3/index47c9.html]
[debatecompetitivo.herokuapp.com/7_open_coimbra_2022/results/round/4/index95e1.html]
[debatecompetitivo.herokuapp.com/7_open_coimbra_2022/results/round/4/index47c9.html]
[debatecompetitivo.herokuapp.com/7_open_coimbra_2022/results/round/5/POST.b.delayed]
[debatecompetitivo.herokuapp.com/7_open_coimbra_2022/results/round/5/index.html]
[debatecompetitivo.herokuapp.com/7_open_coimbra_2022/results/round/5/index95e1.html]
[debatecompetitivo.herokuapp.com/7_open_coimbra_2022/results/round/6/POST.c.delayed]
[debatecompetitivo.herokuapp.com/7_open_coimbra_2022/results/round/6/index.html]
[debatecompetitivo.herokuapp.com/7_open_coimbra_2022/results/round/5/index47c9.html]
[debatecompetitivo.herokuapp.com/7_open_coimbra_2022/results/round/6/index95e1.html]
[debatecompetitivo.herokuapp.com/7_open_coimbra_2022/results/round/7/POST.d.delayed]
[debatecompetitivo.herokuapp.com/7_open_coimbra_2022/results/round/7/index.html]
[debatecompetitivo.herokuapp.com/7_open_coimbra_2022/results/round/6/index47c9.html]
[debatecompetitivo.herokuapp.com/7_open_coimbra_2022/results/round/8/POST]
[debatecompetitivo.herokuapp.com/7_open_coimbra_2022/results/round/8/index.html]
[debatecompetitivo.herokuapp.com/7_open_coimbra_2022/results/round/7/index95e1.html]
[debatecompetitivo.herokuapp.com/7_open_coimbra_2022/results/round/8/index95e1.html]
[debatecompetitivo.herokuapp.com/7_open_coimbra_2022/results/round/8/index47c9.html]
[debatecompetitivo.herokuapp.com/7_open_coimbra_2022/results/round/7/index47c9.html]
[debatecompetitivo.herokuapp.com/7_open_coimbra_2022/participants/list/POST.f.delayed]
[debatecompetitivo.herokuapp.com/7_open_coimbra_2022/participants/list/index.html]
[debatecompetitivo.herokuapp.com/7_open_coimbra_2022/participants/institutions/POST]
[debatecompetitivo.herokuapp.com/7_open_coimbra_2022/participants/institutions/index.html]
[debatecompetitivo.herokuapp.com/7_open_coimbra_2022/results/POST]
[debatecompetitivo.herokuapp.com/7_open_coimbra_2022/results/index.html]
[debatecompetitivo.herokuapp.com/7_open_coimbra_2022/motions/POST]
[debatecompetitivo.herokuapp.com/7_open_coimbra_2022/motions/index.html]
[debatecompetitivo.herokuapp.com/7_open_coimbra_2022/draw/round/1/POST]
[debatecompetitivo.herokuapp.com/7_open_coimbra_2022/draw/round/1/index.html]
[debatecompetitivo.herokuapp.com/7_open_coimbra_2022/draw/round/2/POST]
[debatecompetitivo.herokuapp.com/7_open_coimbra_2022/draw/round/2/index.html]
[debatecompetitivo.herokuapp.com/7_open_coimbra_2022/draw/round/3/POST]
[debatecompetitivo.herokuapp.com/7_open_coimbra_2022/draw/round/3/index.html]
[debatecompetitivo.herokuapp.com/7_open_coimbra_2022/draw/round/4/POST]
[debatecompetitivo.herokuapp.com/7_open_coimbra_2022/draw/round/4/index.html]
[debatecompetitivo.herokuapp.com/7_open_coimbra_2022/draw/round/5/POST]
[debatecompetitivo.herokuapp.com/7_open_coimbra_2022/draw/round/5/index.html]
[debatecompetitivo.herokuapp.com/7_open_coimbra_2022/draw/round/6/POST]
[debatecompetitivo.herokuapp.com/7_open_coimbra_2022/draw/round/6/index.html]
[debatecompetitivo.herokuapp.com/7_open_coimbra_2022/draw/round/7/POST]
[debatecompetitivo.herokuapp.com/7_open_coimbra_2022/draw/round/7/index.html]
[debatecompetitivo.herokuapp.com/7_open_coimbra_2022/draw/round/8/POST]
[debatecompetitivo.herokuapp.com/7_open_coimbra_2022/draw/round/8/index.html]
[debatecompetitivo.herokuapp.com/7_open_coimbra_2022/donations/POST]
[debatecompetitivo.herokuapp.com/7_open_coimbra_2022/donations/index.html]
[debatecompetitivo.herokuapp.com/7_open_coimbra_2022/tab/team/POST/index.html]
[debatecompetitivo.herokuapp.com/7_open_coimbra_2022/tab/team/Iniciado/POST.html]
[debatecompetitivo.herokuapp.com/7_open_coimbra_2022/tab/speaker/POST/index.html]
[debatecompetitivo.herokuapp.com/7_open_coimbra_2022/tab/speaker/Iniciado/POST.html]
[debatecompetitivo.herokuapp.com/7_open_coimbra_2022/motions/statistics/POST.html]
[debatecompetitivo.herokuapp.com/7_open_coimbra_2022/checkins/status/people/POST.html]
[debatecompetitivo.herokuapp.com/7_open_coimbra_2022/results/round/1/POST.html]
[debatecompetitivo.herokuapp.com/7_open_coimbra_2022/results/round/1/index95e1.html]
[debatecompetitivo.herokuapp.com/7_open_coimbra_2022/results/round/1/index47c9.html]
[debatecompetitivo.herokuapp.com/7_open_coimbra_2022/results/round/2/POST.html]
[debatecompetitivo.herokuapp.com/7_open_coimbra_2022/results/round/2/index95e1.html]
[debatecompetitivo.herokuapp.com/7_open_coimbra_2022/results/round/2/index47c9.html]
[debatecompetitivo.herokuapp.com/7_open_coimbra_2022/results/round/3/POST.html]
[debatecompetitivo.herokuapp.com/7_open_coimbra_2022/results/round/3/index95e1.html]
[debatecompetitivo.herokuapp.com/7_open_coimbra_2022/results/round/3/index47c9.html]
[debatecompetitivo.herokuapp.com/7_open_coimbra_2022/results/round/4/POST.html]
[debatecompetitivo.herokuapp.com/7_open_coimbra_2022/results/round/4/index95e1.html]
[debatecompetitivo.herokuapp.com/7_open_coimbra_2022/results/round/4/index47c9.html]
[debatecompetitivo.herokuapp.com/7_open_coimbra_2022/results/round/5/POST.html]
[debatecompetitivo.herokuapp.com/7_open_coimbra_2022/results/round/5/index95e1.html]
[debatecompetitivo.herokuapp.com/7_open_coimbra_2022/results/round/5/index47c9.html]
[debatecompetitivo.herokuapp.com/7_open_coimbra_2022/results/round/6/POST.html]
[debatecompetitivo.herokuapp.com/7_open_coimbra_2022/results/round/6/index95e1.html]
[debatecompetitivo.herokuapp.com/7_open_coimbra_2022/results/round/6/index47c9.html]
[debatecompetitivo.herokuapp.com/7_open_coimbra_2022/results/round/7/POST.html]
[debatecompetitivo.herokuapp.com/7_open_coimbra_2022/results/round/7/index95e1.html]
[debatecompetitivo.herokuapp.com/7_open_coimbra_2022/results/round/7/index47c9.html]
[debatecompetitivo.herokuapp.com/7_open_coimbra_2022/results/round/8/POST.html]
[debatecompetitivo.herokuapp.com/7_open_coimbra_2022/results/round/8/index95e1.html]
[debatecompetitivo.herokuapp.com/7_open_coimbra_2022/results/round/8/index47c9.html]
[debatecompetitivo.herokuapp.com/7_open_coimbra_2022/participants/list/POST.html]
[debatecompetitivo.herokuapp.com/7_open_coimbra_2022/participants/institutions/POST.html]
[debatecompetitivo.herokuapp.com/7_open_coimbra_2022/results/POST.html]
[debatecompetitivo.herokuapp.com/7_open_coimbra_2022/motions/POST.html]
[debatecompetitivo.herokuapp.com/7_open_coimbra_2022/draw/round/1/POST.html]
[debatecompetitivo.herokuapp.com/7_open_coimbra_2022/draw/round/2/POST.html]
[debatecompetitivo.herokuapp.com/7_open_coimbra_2022/draw/round/3/POST.html]
[debatecompetitivo.herokuapp.com/7_open_coimbra_2022/draw/round/4/POST.html]
[debatecompetitivo.herokuapp.com/7_open_coimbra_2022/draw/round/5/POST.html]
[debatecompetitivo.herokuapp.com/7_open_coimbra_2022/draw/round/6/POST.html]
[debatecompetitivo.herokuapp.com/7_open_coimbra_2022/draw/round/7/POST.html]
[debatecompetitivo.herokuapp.com/7_open_coimbra_2022/draw/round/8/POST.html]
[debatecompetitivo.herokuapp.com/7_open_coimbra_2022/donations/POST.html]
