[debatecompetitivo.herokuapp.com/tornadu2024/index.html]
[backblue.gif]
[fade.gif]
[index.html]
[debatecompetitivo.herokuapp.com/tornadu2024/POST]
[debatecompetitivo.herokuapp.com/tornadu2024/index.html]
[debatecompetitivo.herokuapp.com/tornadu2024/tab/team/index.html]
[debatecompetitivo.herokuapp.com/tornadu2024/tab/team/Iniciados/index.html]
[debatecompetitivo.herokuapp.com/tornadu2024/POST.html]
[debatecompetitivo.herokuapp.com/tornadu2024/motions/statistics/index.html]
[debatecompetitivo.herokuapp.com/tornadu2024/tab/speaker/index.html]
[debatecompetitivo.herokuapp.com/tornadu2024/tab/team/index.html]
[debatecompetitivo.herokuapp.com/tornadu2024/results/round/1/index.html]
[debatecompetitivo.herokuapp.com/tornadu2024/results/round/2/index.html]
[debatecompetitivo.herokuapp.com/tornadu2024/results/round/3/index.html]
[debatecompetitivo.herokuapp.com/tornadu2024/results/round/4/index.html]
[debatecompetitivo.herokuapp.com/tornadu2024/results/round/5/index.html]
[debatecompetitivo.herokuapp.com/tornadu2024/tab/team/Iniciados/POST.2.delayed]
[debatecompetitivo.herokuapp.com/tornadu2024/tab/team/Iniciados/index.html]
[debatecompetitivo.herokuapp.com/tornadu2024/results/round/6/index.html]
[debatecompetitivo.herokuapp.com/tornadu2024/results/round/7/index.html]
[debatecompetitivo.herokuapp.com/tornadu2024/results/round/8/index.html]
[debatecompetitivo.herokuapp.com/tornadu2024/break/teams/open/index.html]
[debatecompetitivo.herokuapp.com/tornadu2024/tab/speaker/index.html]
[debatecompetitivo.herokuapp.com/tornadu2024/break/teams/Iniciados/index.html]
[debatecompetitivo.herokuapp.com/tornadu2024/break/adjudicators/index.html]
[debatecompetitivo.herokuapp.com/tornadu2024/results/index.html]
[debatecompetitivo.herokuapp.com/tornadu2024/participants/list/index.html]
[debatecompetitivo.herokuapp.com/tornadu2024/donations/index.html]
[debatecompetitivo.herokuapp.com/tornadu2024/motions/statistics/POST.4.delayed]
[debatecompetitivo.herokuapp.com/tornadu2024/motions/statistics/index.html]
[debatecompetitivo.herokuapp.com/tornadu2024/tab/team/POST/index.html]
[debatecompetitivo.herokuapp.com/tornadu2024/results/round/1/POST]
[debatecompetitivo.herokuapp.com/tornadu2024/results/round/1/index.html]
[debatecompetitivo.herokuapp.com/tornadu2024/tab/speaker/POST/index.html]
[debatecompetitivo.herokuapp.com/tornadu2024/results/round/1/index95e1.html]
[debatecompetitivo.herokuapp.com/tornadu2024/results/round/1/index47c9.html]
[debatecompetitivo.herokuapp.com/tornadu2024/results/round/2/POST.6.delayed]
[debatecompetitivo.herokuapp.com/tornadu2024/results/round/2/index.html]
[debatecompetitivo.herokuapp.com/tornadu2024/results/round/3/POST]
[debatecompetitivo.herokuapp.com/tornadu2024/results/round/3/index.html]
[debatecompetitivo.herokuapp.com/tornadu2024/results/round/2/index47c9.html]
[debatecompetitivo.herokuapp.com/tornadu2024/results/round/2/index95e1.html]
[debatecompetitivo.herokuapp.com/tornadu2024/results/round/3/index95e1.html]
[debatecompetitivo.herokuapp.com/tornadu2024/results/round/3/index47c9.html]
[debatecompetitivo.herokuapp.com/tornadu2024/results/round/4/POST.8.delayed]
[debatecompetitivo.herokuapp.com/tornadu2024/results/round/4/index.html]
[debatecompetitivo.herokuapp.com/tornadu2024/results/round/4/index95e1.html]
[debatecompetitivo.herokuapp.com/tornadu2024/results/round/5/POST.9.delayed]
[debatecompetitivo.herokuapp.com/tornadu2024/results/round/5/index.html]
[debatecompetitivo.herokuapp.com/tornadu2024/results/round/4/index47c9.html]
[debatecompetitivo.herokuapp.com/tornadu2024/results/round/6/POST.a.delayed]
[debatecompetitivo.herokuapp.com/tornadu2024/results/round/6/index.html]
[debatecompetitivo.herokuapp.com/tornadu2024/results/round/5/index95e1.html]
[debatecompetitivo.herokuapp.com/tornadu2024/results/round/7/POST]
[debatecompetitivo.herokuapp.com/tornadu2024/results/round/7/index.html]
[debatecompetitivo.herokuapp.com/tornadu2024/results/round/5/index47c9.html]
[debatecompetitivo.herokuapp.com/tornadu2024/results/round/6/index95e1.html]
[debatecompetitivo.herokuapp.com/tornadu2024/results/round/6/index47c9.html]
[debatecompetitivo.herokuapp.com/tornadu2024/results/round/8/POST.c.delayed]
[debatecompetitivo.herokuapp.com/tornadu2024/results/round/8/index.html]
[debatecompetitivo.herokuapp.com/tornadu2024/results/round/7/index95e1.html]
[debatecompetitivo.herokuapp.com/tornadu2024/results/round/8/index95e1.html]
[debatecompetitivo.herokuapp.com/tornadu2024/results/round/7/index47c9.html]
[debatecompetitivo.herokuapp.com/tornadu2024/results/round/8/index47c9.html]
[debatecompetitivo.herokuapp.com/tornadu2024/break/teams/open/POST.d.delayed]
[debatecompetitivo.herokuapp.com/tornadu2024/break/teams/open/index.html]
[debatecompetitivo.herokuapp.com/tornadu2024/break/teams/Iniciados/POST]
[debatecompetitivo.herokuapp.com/tornadu2024/break/teams/Iniciados/index.html]
[debatecompetitivo.herokuapp.com/tornadu2024/break/adjudicators/POST]
[debatecompetitivo.herokuapp.com/tornadu2024/break/adjudicators/index.html]
[debatecompetitivo.herokuapp.com/tornadu2024/participants/list/POST]
[debatecompetitivo.herokuapp.com/tornadu2024/participants/list/index.html]
[debatecompetitivo.herokuapp.com/tornadu2024/results/POST]
[debatecompetitivo.herokuapp.com/tornadu2024/results/index.html]
[debatecompetitivo.herokuapp.com/tornadu2024/donations/POST]
[debatecompetitivo.herokuapp.com/tornadu2024/donations/index.html]
[debatecompetitivo.herokuapp.com/tornadu2024/tab/team/POST/index.html]
[debatecompetitivo.herokuapp.com/tornadu2024/tab/team/Iniciados/POST.html]
[debatecompetitivo.herokuapp.com/tornadu2024/tab/speaker/POST/index.html]
[debatecompetitivo.herokuapp.com/tornadu2024/motions/statistics/POST.html]
[debatecompetitivo.herokuapp.com/tornadu2024/results/round/1/POST.html]
[debatecompetitivo.herokuapp.com/tornadu2024/results/round/1/index95e1.html]
[debatecompetitivo.herokuapp.com/tornadu2024/results/round/1/index47c9.html]
[debatecompetitivo.herokuapp.com/tornadu2024/results/round/2/POST.html]
[debatecompetitivo.herokuapp.com/tornadu2024/results/round/2/index95e1.html]
[debatecompetitivo.herokuapp.com/tornadu2024/results/round/2/index47c9.html]
[debatecompetitivo.herokuapp.com/tornadu2024/results/round/3/POST.html]
[debatecompetitivo.herokuapp.com/tornadu2024/results/round/3/index95e1.html]
[debatecompetitivo.herokuapp.com/tornadu2024/results/round/3/index47c9.html]
[debatecompetitivo.herokuapp.com/tornadu2024/results/round/4/POST.html]
[debatecompetitivo.herokuapp.com/tornadu2024/results/round/4/index95e1.html]
[debatecompetitivo.herokuapp.com/tornadu2024/results/round/4/index47c9.html]
[debatecompetitivo.herokuapp.com/tornadu2024/results/round/5/POST.html]
[debatecompetitivo.herokuapp.com/tornadu2024/results/round/5/index95e1.html]
[debatecompetitivo.herokuapp.com/tornadu2024/results/round/5/index47c9.html]
[debatecompetitivo.herokuapp.com/tornadu2024/results/round/6/POST.html]
[debatecompetitivo.herokuapp.com/tornadu2024/results/round/6/index95e1.html]
[debatecompetitivo.herokuapp.com/tornadu2024/results/round/6/index47c9.html]
[debatecompetitivo.herokuapp.com/tornadu2024/results/round/7/POST.html]
[debatecompetitivo.herokuapp.com/tornadu2024/results/round/7/index95e1.html]
[debatecompetitivo.herokuapp.com/tornadu2024/results/round/7/index47c9.html]
[debatecompetitivo.herokuapp.com/tornadu2024/results/round/8/POST.html]
[debatecompetitivo.herokuapp.com/tornadu2024/results/round/8/index95e1.html]
[debatecompetitivo.herokuapp.com/tornadu2024/results/round/8/index47c9.html]
[debatecompetitivo.herokuapp.com/tornadu2024/break/teams/open/POST.html]
[debatecompetitivo.herokuapp.com/tornadu2024/break/teams/Iniciados/POST.html]
[debatecompetitivo.herokuapp.com/tornadu2024/break/adjudicators/POST.html]
[debatecompetitivo.herokuapp.com/tornadu2024/participants/list/POST.html]
[debatecompetitivo.herokuapp.com/tornadu2024/results/POST.html]
[debatecompetitivo.herokuapp.com/tornadu2024/donations/POST.html]
