[debatecompetitivo.herokuapp.com/regional_lisboa_2024/index.html]
[backblue.gif]
[fade.gif]
[index.html]
[debatecompetitivo.herokuapp.com/regional_lisboa_2024/POST]
[debatecompetitivo.herokuapp.com/regional_lisboa_2024/index.html]
[debatecompetitivo.herokuapp.com/regional_lisboa_2024/tab/speaker/Iniciado/index.html]
[debatecompetitivo.herokuapp.com/regional_lisboa_2024/POST.html]
[debatecompetitivo.herokuapp.com/regional_lisboa_2024/tab/team/index.html]
[debatecompetitivo.herokuapp.com/regional_lisboa_2024/tab/speaker/index.html]
[debatecompetitivo.herokuapp.com/regional_lisboa_2024/tab/speaker/Avancado/index.html]
[debatecompetitivo.herokuapp.com/regional_lisboa_2024/motions/statistics/index.html]
[debatecompetitivo.herokuapp.com/regional_lisboa_2024/tab/team/index.html]
[debatecompetitivo.herokuapp.com/regional_lisboa_2024/results/round/1/index.html]
[debatecompetitivo.herokuapp.com/regional_lisboa_2024/results/round/2/index.html]
[debatecompetitivo.herokuapp.com/regional_lisboa_2024/results/round/3/index.html]
[debatecompetitivo.herokuapp.com/regional_lisboa_2024/results/round/4/index.html]
[debatecompetitivo.herokuapp.com/regional_lisboa_2024/tab/speaker/index.html]
[debatecompetitivo.herokuapp.com/regional_lisboa_2024/results/round/5/index.html]
[debatecompetitivo.herokuapp.com/regional_lisboa_2024/participants/list/index.html]
[debatecompetitivo.herokuapp.com/regional_lisboa_2024/participants/institutions/index.html]
[debatecompetitivo.herokuapp.com/regional_lisboa_2024/results/index.html]
[debatecompetitivo.herokuapp.com/regional_lisboa_2024/tab/speaker/Avancado/POST.3.delayed]
[debatecompetitivo.herokuapp.com/regional_lisboa_2024/tab/speaker/Avancado/index.html]
[debatecompetitivo.herokuapp.com/regional_lisboa_2024/motions/index.html]
[debatecompetitivo.herokuapp.com/regional_lisboa_2024/donations/index.html]
[debatecompetitivo.herokuapp.com/regional_lisboa_2024/tab/team/POST/index.html]
[debatecompetitivo.herokuapp.com/regional_lisboa_2024/tab/speaker/POST/index.html]
[debatecompetitivo.herokuapp.com/regional_lisboa_2024/tab/speaker/Iniciado/POST]
[debatecompetitivo.herokuapp.com/regional_lisboa_2024/tab/speaker/Iniciado/index.html]
[debatecompetitivo.herokuapp.com/regional_lisboa_2024/motions/statistics/POST]
[debatecompetitivo.herokuapp.com/regional_lisboa_2024/motions/statistics/index.html]
[debatecompetitivo.herokuapp.com/regional_lisboa_2024/results/round/1/POST]
[debatecompetitivo.herokuapp.com/regional_lisboa_2024/results/round/1/index.html]
[debatecompetitivo.herokuapp.com/regional_lisboa_2024/results/round/2/POST]
[debatecompetitivo.herokuapp.com/regional_lisboa_2024/results/round/2/index.html]
[debatecompetitivo.herokuapp.com/regional_lisboa_2024/results/round/1/index95e1.html]
[debatecompetitivo.herokuapp.com/regional_lisboa_2024/results/round/1/index47c9.html]
[debatecompetitivo.herokuapp.com/regional_lisboa_2024/results/round/2/index95e1.html]
[debatecompetitivo.herokuapp.com/regional_lisboa_2024/results/round/2/index47c9.html]
[debatecompetitivo.herokuapp.com/regional_lisboa_2024/results/round/3/POST.8.delayed]
[debatecompetitivo.herokuapp.com/regional_lisboa_2024/results/round/3/index.html]
[debatecompetitivo.herokuapp.com/regional_lisboa_2024/results/round/3/index95e1.html]
[debatecompetitivo.herokuapp.com/regional_lisboa_2024/results/round/4/POST.9.delayed]
[debatecompetitivo.herokuapp.com/regional_lisboa_2024/results/round/4/index.html]
[debatecompetitivo.herokuapp.com/regional_lisboa_2024/results/round/3/index47c9.html]
[debatecompetitivo.herokuapp.com/regional_lisboa_2024/results/round/5/POST.a.delayed]
[debatecompetitivo.herokuapp.com/regional_lisboa_2024/results/round/4/index95e1.html]
[debatecompetitivo.herokuapp.com/regional_lisboa_2024/results/round/5/index.html]
[debatecompetitivo.herokuapp.com/regional_lisboa_2024/results/round/4/index47c9.html]
[debatecompetitivo.herokuapp.com/regional_lisboa_2024/results/round/5/index95e1.html]
[debatecompetitivo.herokuapp.com/regional_lisboa_2024/participants/list/POST]
[debatecompetitivo.herokuapp.com/regional_lisboa_2024/participants/list/index.html]
[debatecompetitivo.herokuapp.com/regional_lisboa_2024/participants/institutions/POST]
[debatecompetitivo.herokuapp.com/regional_lisboa_2024/participants/institutions/index.html]
[debatecompetitivo.herokuapp.com/regional_lisboa_2024/results/round/5/index47c9.html]
[debatecompetitivo.herokuapp.com/regional_lisboa_2024/results/POST]
[debatecompetitivo.herokuapp.com/regional_lisboa_2024/results/index.html]
[debatecompetitivo.herokuapp.com/regional_lisboa_2024/motions/POST]
[debatecompetitivo.herokuapp.com/regional_lisboa_2024/motions/index.html]
[debatecompetitivo.herokuapp.com/regional_lisboa_2024/donations/POST]
[debatecompetitivo.herokuapp.com/regional_lisboa_2024/donations/index.html]
[debatecompetitivo.herokuapp.com/regional_lisboa_2024/tab/team/POST/index.html]
[debatecompetitivo.herokuapp.com/regional_lisboa_2024/tab/speaker/POST/index.html]
[debatecompetitivo.herokuapp.com/regional_lisboa_2024/tab/speaker/Avancado/POST.html]
[debatecompetitivo.herokuapp.com/regional_lisboa_2024/tab/speaker/Iniciado/POST.html]
[debatecompetitivo.herokuapp.com/regional_lisboa_2024/motions/statistics/POST.html]
[debatecompetitivo.herokuapp.com/regional_lisboa_2024/results/round/1/POST.html]
[debatecompetitivo.herokuapp.com/regional_lisboa_2024/results/round/1/index95e1.html]
[debatecompetitivo.herokuapp.com/regional_lisboa_2024/results/round/1/index47c9.html]
[debatecompetitivo.herokuapp.com/regional_lisboa_2024/results/round/2/POST.html]
[debatecompetitivo.herokuapp.com/regional_lisboa_2024/results/round/2/index95e1.html]
[debatecompetitivo.herokuapp.com/regional_lisboa_2024/results/round/2/index47c9.html]
[debatecompetitivo.herokuapp.com/regional_lisboa_2024/results/round/3/POST.html]
[debatecompetitivo.herokuapp.com/regional_lisboa_2024/results/round/3/index95e1.html]
[debatecompetitivo.herokuapp.com/regional_lisboa_2024/results/round/3/index47c9.html]
[debatecompetitivo.herokuapp.com/regional_lisboa_2024/results/round/4/POST.html]
[debatecompetitivo.herokuapp.com/regional_lisboa_2024/results/round/4/index95e1.html]
[debatecompetitivo.herokuapp.com/regional_lisboa_2024/results/round/4/index47c9.html]
[debatecompetitivo.herokuapp.com/regional_lisboa_2024/results/round/5/POST.html]
[debatecompetitivo.herokuapp.com/regional_lisboa_2024/results/round/5/index95e1.html]
[debatecompetitivo.herokuapp.com/regional_lisboa_2024/results/round/5/index47c9.html]
[debatecompetitivo.herokuapp.com/regional_lisboa_2024/participants/list/POST.html]
[debatecompetitivo.herokuapp.com/regional_lisboa_2024/participants/institutions/POST.html]
[debatecompetitivo.herokuapp.com/regional_lisboa_2024/results/POST.html]
[debatecompetitivo.herokuapp.com/regional_lisboa_2024/motions/POST.html]
[debatecompetitivo.herokuapp.com/regional_lisboa_2024/donations/POST.html]
